Started at Mon Jul 19 10:43:42 UTC 2021
Processing buildjava
Offering buildjava to Project Build Discarder
Processing deployjava
Offering deployjava to Project Build Discarder
Processing testjava
Offering testjava to Project Build Discarder
Finished at Mon Jul 19 10:43:42 UTC 2021. 11ms
Started at Mon Jul 19 11:43:42 UTC 2021
Processing buildjava
Offering buildjava to Project Build Discarder
Processing deployjava
Offering deployjava to Project Build Discarder
Processing testjava
Offering testjava to Project Build Discarder
Finished at Mon Jul 19 11:43:42 UTC 2021. 1ms
Started at Mon Jul 19 12:43:42 UTC 2021
Processing buildjava
Offering buildjava to Project Build Discarder
Processing deployjava
Offering deployjava to Project Build Discarder
Processing testjava
Offering testjava to Project Build Discarder
Finished at Mon Jul 19 12:43:42 UTC 2021. 4ms
